D:\Workspace\ng-course-ws\dist\out-tsc\src\app\sidebar.content.js
D:\Workspace\ng-course-ws\dist\out-tsc\src\app\sidebar.content.js.map
D:\Workspace\ng-course-ws\dist\out-tsc\src\app\app.component.js
D:\Workspace\ng-course-ws\dist\out-tsc\src\app\app.component.js.map
D:\Workspace\ng-course-ws\dist\out-tsc\src\app\home\home.component.js
D:\Workspace\ng-course-ws\dist\out-tsc\src\app\home\home.component.js.map
D:\Workspace\ng-course-ws\dist\out-tsc\src\app\notfound\notfound.component.js
D:\Workspace\ng-course-ws\dist\out-tsc\src\app\notfound\notfound.component.js.map
D:\Workspace\ng-course-ws\dist\out-tsc\src\app\sidebar\sidebar.component.js
D:\Workspace\ng-course-ws\dist\out-tsc\src\app\sidebar\sidebar.component.js.map
D:\Workspace\ng-course-ws\dist\out-tsc\src\app\section4\author.service.js
D:\Workspace\ng-course-ws\dist\out-tsc\src\app\section4\author.service.js.map
D:\Workspace\ng-course-ws\dist\out-tsc\src\app\section4\authors\authors.component.js
D:\Workspace\ng-course-ws\dist\out-tsc\src\app\section4\authors\authors.component.js.map
D:\Workspace\ng-course-ws\dist\out-tsc\src\app\section4\courses.component.js
D:\Workspace\ng-course-ws\dist\out-tsc\src\app\section4\courses.component.js.map
D:\Workspace\ng-course-ws\dist\out-tsc\src\app\section4\synopsis\synopsis.component.js
D:\Workspace\ng-course-ws\dist\out-tsc\src\app\section4\synopsis\synopsis.component.js.map
D:\Workspace\ng-course-ws\dist\out-tsc\src\app\section4\favorite-svg.component.js
D:\Workspace\ng-course-ws\dist\out-tsc\src\app\section4\favorite-svg.component.js.map
D:\Workspace\ng-course-ws\dist\out-tsc\src\app\section4\favorite\favorite.component.js
D:\Workspace\ng-course-ws\dist\out-tsc\src\app\section4\favorite\favorite.component.js.map
D:\Workspace\ng-course-ws\dist\out-tsc\src\app\section4\titlecase\titlecase.component.js
D:\Workspace\ng-course-ws\dist\out-tsc\src\app\section4\titlecase\titlecase.component.js.map
D:\Workspace\ng-course-ws\dist\out-tsc\src\app\section5\like\like.component.js
D:\Workspace\ng-course-ws\dist\out-tsc\src\app\section5\like\like.component.js.map
D:\Workspace\ng-course-ws\dist\out-tsc\src\app\section5\panel\panel.component.js
D:\Workspace\ng-course-ws\dist\out-tsc\src\app\section5\panel\panel.component.js.map
D:\Workspace\ng-course-ws\dist\out-tsc\src\app\section5\panel2\panel2.component.js
D:\Workspace\ng-course-ws\dist\out-tsc\src\app\section5\panel2\panel2.component.js.map
D:\Workspace\ng-course-ws\dist\out-tsc\src\app\section6\trees\trees.component.js
D:\Workspace\ng-course-ws\dist\out-tsc\src\app\section6\trees\trees.component.js.map
D:\Workspace\ng-course-ws\dist\out-tsc\src\app\section6\updatable-trees\updatable-trees.component.js
D:\Workspace\ng-course-ws\dist\out-tsc\src\app\section6\updatable-trees\updatable-trees.component.js.map
D:\Workspace\ng-course-ws\dist\out-tsc\src\app\section6\zippy\zippy.component.js
D:\Workspace\ng-course-ws\dist\out-tsc\src\app\section6\zippy\zippy.component.js.map
D:\Workspace\ng-course-ws\dist\out-tsc\src\app\section8\change-passwd-form\passwd.validators.js
D:\Workspace\ng-course-ws\dist\out-tsc\src\app\section8\change-passwd-form\passwd.validators.js.map
D:\Workspace\ng-course-ws\dist\out-tsc\src\app\section8\change-passwd-form\change-passwd-form.component.js
D:\Workspace\ng-course-ws\dist\out-tsc\src\app\section8\change-passwd-form\change-passwd-form.component.js.map
D:\Workspace\ng-course-ws\dist\out-tsc\src\app\section8\contact-form\contact-form.component.js
D:\Workspace\ng-course-ws\dist\out-tsc\src\app\section8\contact-form\contact-form.component.js.map
D:\Workspace\ng-course-ws\dist\out-tsc\src\app\section8\course-form\course-form.component.js
D:\Workspace\ng-course-ws\dist\out-tsc\src\app\section8\course-form\course-form.component.js.map
D:\Workspace\ng-course-ws\dist\out-tsc\src\app\section8\login-form\login-form.component.js
D:\Workspace\ng-course-ws\dist\out-tsc\src\app\section8\login-form\login-form.component.js.map
D:\Workspace\ng-course-ws\dist\out-tsc\src\app\section8\new-course-form\new-course-form.component.js
D:\Workspace\ng-course-ws\dist\out-tsc\src\app\section8\new-course-form\new-course-form.component.js.map
D:\Workspace\ng-course-ws\dist\out-tsc\src\app\section8\signup-form\username.validators.js
D:\Workspace\ng-course-ws\dist\out-tsc\src\app\section8\signup-form\username.validators.js.map
D:\Workspace\ng-course-ws\dist\out-tsc\src\app\section8\signup-form\signup-form.component.js
D:\Workspace\ng-course-ws\dist\out-tsc\src\app\section8\signup-form\signup-form.component.js.map
D:\Workspace\ng-course-ws\dist\out-tsc\src\app\common\model\follower.js
D:\Workspace\ng-course-ws\dist\out-tsc\src\app\common\model\follower.js.map
D:\Workspace\ng-course-ws\dist\out-tsc\src\app\common\services\followers.service.js
D:\Workspace\ng-course-ws\dist\out-tsc\src\app\common\services\followers.service.js.map
D:\Workspace\ng-course-ws\dist\out-tsc\src\app\section10\followers\followers.component.js
D:\Workspace\ng-course-ws\dist\out-tsc\src\app\section10\followers\followers.component.js.map
D:\Workspace\ng-course-ws\dist\out-tsc\src\app\common\model\app.error.js
D:\Workspace\ng-course-ws\dist\out-tsc\src\app\common\model\app.error.js.map
D:\Workspace\ng-course-ws\dist\out-tsc\src\app\common\model\not-found.error.js
D:\Workspace\ng-course-ws\dist\out-tsc\src\app\common\model\not-found.error.js.map
D:\Workspace\ng-course-ws\dist\out-tsc\src\app\common\model\bad-request.error.js
D:\Workspace\ng-course-ws\dist\out-tsc\src\app\common\model\bad-request.error.js.map
D:\Workspace\ng-course-ws\dist\out-tsc\src\app\common\services\proxy\proxy.request.js
D:\Workspace\ng-course-ws\dist\out-tsc\src\app\common\services\proxy\proxy.request.js.map
D:\Workspace\ng-course-ws\dist\out-tsc\src\app\common\services\proxy\proxy.service.js
D:\Workspace\ng-course-ws\dist\out-tsc\src\app\common\services\proxy\proxy.service.js.map
D:\Workspace\ng-course-ws\dist\out-tsc\src\app\common\services\data.service.js
D:\Workspace\ng-course-ws\dist\out-tsc\src\app\common\services\data.service.js.map
D:\Workspace\ng-course-ws\dist\out-tsc\src\app\common\services\post.service.js
D:\Workspace\ng-course-ws\dist\out-tsc\src\app\common\services\post.service.js.map
D:\Workspace\ng-course-ws\dist\out-tsc\src\app\common\model\post.js
D:\Workspace\ng-course-ws\dist\out-tsc\src\app\common\model\post.js.map
D:\Workspace\ng-course-ws\dist\out-tsc\src\app\section10\posts\posts.component.js
D:\Workspace\ng-course-ws\dist\out-tsc\src\app\section10\posts\posts.component.js.map
D:\Workspace\ng-course-ws\dist\out-tsc\src\app\section10\github-profile\github-profile.component.js
D:\Workspace\ng-course-ws\dist\out-tsc\src\app\section10\github-profile\github-profile.component.js.map
D:\Workspace\ng-course-ws\dist\out-tsc\src\app\section10\navbar\navbar.component.js
D:\Workspace\ng-course-ws\dist\out-tsc\src\app\section10\navbar\navbar.component.js.map
D:\Workspace\ng-course-ws\dist\out-tsc\src\app\section4\synopsis\synopsis.pipe.js
D:\Workspace\ng-course-ws\dist\out-tsc\src\app\section4\synopsis\synopsis.pipe.js.map
D:\Workspace\ng-course-ws\dist\out-tsc\src\app\section4\titlecase\titlecase.pipe.js
D:\Workspace\ng-course-ws\dist\out-tsc\src\app\section4\titlecase\titlecase.pipe.js.map
D:\Workspace\ng-course-ws\dist\out-tsc\src\app\section5\likes-watcher\likes-watcher.component.js
D:\Workspace\ng-course-ws\dist\out-tsc\src\app\section5\likes-watcher\likes-watcher.component.js.map
D:\Workspace\ng-course-ws\dist\out-tsc\src\app\section5\like-container\like-container.component.js
D:\Workspace\ng-course-ws\dist\out-tsc\src\app\section5\like-container\like-container.component.js.map
D:\Workspace\ng-course-ws\dist\out-tsc\src\app\section5\panel-container\panel-container.component.js
D:\Workspace\ng-course-ws\dist\out-tsc\src\app\section5\panel-container\panel-container.component.js.map
D:\Workspace\ng-course-ws\dist\out-tsc\src\app\section6\zippy-container\zippy-container.component.js
D:\Workspace\ng-course-ws\dist\out-tsc\src\app\section6\zippy-container\zippy-container.component.js.map
D:\Workspace\ng-course-ws\dist\out-tsc\src\app\section6\input-format.directive.js
D:\Workspace\ng-course-ws\dist\out-tsc\src\app\section6\input-format.directive.js.map
D:\Workspace\ng-course-ws\dist\out-tsc\src\app\section6\courses-list\courses-list.component.js
D:\Workspace\ng-course-ws\dist\out-tsc\src\app\section6\courses-list\courses-list.component.js.map
D:\Workspace\ng-course-ws\dist\out-tsc\src\app\section6\hide\hide.component.js
D:\Workspace\ng-course-ws\dist\out-tsc\src\app\section6\hide\hide.component.js.map
D:\Workspace\ng-course-ws\dist\out-tsc\src\app\section6\tabs-view\tabs-view.component.js
D:\Workspace\ng-course-ws\dist\out-tsc\src\app\section6\tabs-view\tabs-view.component.js.map
D:\Workspace\ng-course-ws\dist\out-tsc\src\app\section6\courses-table\courses-table.component.js
D:\Workspace\ng-course-ws\dist\out-tsc\src\app\section6\courses-table\courses-table.component.js.map
D:\Workspace\ng-course-ws\dist\out-tsc\src\app\section10\blog-container\blog-container.component.js
D:\Workspace\ng-course-ws\dist\out-tsc\src\app\section10\blog-container\blog-container.component.js.map
D:\Workspace\ng-course-ws\dist\out-tsc\src\app\section10\blog-archives\blog-archives.component.js
D:\Workspace\ng-course-ws\dist\out-tsc\src\app\section10\blog-archives\blog-archives.component.js.map
D:\Workspace\ng-course-ws\dist\out-tsc\src\app\section10\fol-container\fol-container.component.js
D:\Workspace\ng-course-ws\dist\out-tsc\src\app\section10\fol-container\fol-container.component.js.map
D:\Workspace\ng-course-ws\dist\out-tsc\src\app\section10\blog-view\blog-view.component.js
D:\Workspace\ng-course-ws\dist\out-tsc\src\app\section10\blog-view\blog-view.component.js.map
D:\Workspace\ng-course-ws\dist\out-tsc\src\app\common\handlers\error.handler.js
D:\Workspace\ng-course-ws\dist\out-tsc\src\app\common\handlers\error.handler.js.map
D:\Workspace\ng-course-ws\dist\out-tsc\src\app\common\services\mock.service.js
D:\Workspace\ng-course-ws\dist\out-tsc\src\app\common\services\mock.service.js.map
D:\Workspace\ng-course-ws\dist\out-tsc\src\app\section10\error-handling\error-handling-demo.component.js
D:\Workspace\ng-course-ws\dist\out-tsc\src\app\section10\error-handling\error-handling-demo.component.js.map
D:\Workspace\ng-course-ws\dist\out-tsc\src\app\app.module.js
D:\Workspace\ng-course-ws\dist\out-tsc\src\app\app.module.js.map
D:\Workspace\ng-course-ws\dist\out-tsc\src\environments\environment.js
D:\Workspace\ng-course-ws\dist\out-tsc\src\environments\environment.js.map
D:\Workspace\ng-course-ws\dist\out-tsc\src\main.js
D:\Workspace\ng-course-ws\dist\out-tsc\src\main.js.map
D:\Workspace\ng-course-ws\dist\out-tsc\src\polyfills.js
D:\Workspace\ng-course-ws\dist\out-tsc\src\polyfills.js.map
D:\Workspace\ng-course-ws\dist\out-tsc\src\test.js
D:\Workspace\ng-course-ws\dist\out-tsc\src\test.js.map
D:\Workspace\ng-course-ws\dist\out-tsc\e2e\src\app.po.js
D:\Workspace\ng-course-ws\dist\out-tsc\e2e\src\app.po.js.map
D:\Workspace\ng-course-ws\dist\out-tsc\e2e\src\app.e2e-spec.js
D:\Workspace\ng-course-ws\dist\out-tsc\e2e\src\app.e2e-spec.js.map
D:\Workspace\ng-course-ws\dist\out-tsc\src\app\app.component.spec.js
D:\Workspace\ng-course-ws\dist\out-tsc\src\app\app.component.spec.js.map
D:\Workspace\ng-course-ws\dist\out-tsc\src\environments\environment.prod.js
D:\Workspace\ng-course-ws\dist\out-tsc\src\environments\environment.prod.js.map
D:\Workspace\ng-course-ws\dist\out-tsc\src\app\home\home.component.spec.js
D:\Workspace\ng-course-ws\dist\out-tsc\src\app\home\home.component.spec.js.map
D:\Workspace\ng-course-ws\dist\out-tsc\src\app\notfound\notfound.component.spec.js
D:\Workspace\ng-course-ws\dist\out-tsc\src\app\notfound\notfound.component.spec.js.map
D:\Workspace\ng-course-ws\dist\out-tsc\src\app\section4\courses.service.js
D:\Workspace\ng-course-ws\dist\out-tsc\src\app\section4\courses.service.js.map
D:\Workspace\ng-course-ws\dist\out-tsc\src\app\section4\email.service.js
D:\Workspace\ng-course-ws\dist\out-tsc\src\app\section4\email.service.js.map
D:\Workspace\ng-course-ws\dist\out-tsc\src\app\section4\textTransformer.component.js
D:\Workspace\ng-course-ws\dist\out-tsc\src\app\section4\textTransformer.component.js.map
D:\Workspace\ng-course-ws\dist\out-tsc\src\app\common\interceptor\mock.interceptor.js
D:\Workspace\ng-course-ws\dist\out-tsc\src\app\common\interceptor\mock.interceptor.js.map
D:\Workspace\ng-course-ws\dist\out-tsc\src\app\common\services\auth.service.js
D:\Workspace\ng-course-ws\dist\out-tsc\src\app\common\services\auth.service.js.map
D:\Workspace\ng-course-ws\dist\out-tsc\src\app\common\services\auth.service.spec.js
D:\Workspace\ng-course-ws\dist\out-tsc\src\app\common\services\auth.service.spec.js.map
D:\Workspace\ng-course-ws\dist\out-tsc\src\app\common\services\order.service.js
D:\Workspace\ng-course-ws\dist\out-tsc\src\app\common\services\order.service.js.map
D:\Workspace\ng-course-ws\dist\out-tsc\src\app\common\services\order.service.spec.js
D:\Workspace\ng-course-ws\dist\out-tsc\src\app\common\services\order.service.spec.js.map
D:\Workspace\ng-course-ws\dist\out-tsc\src\app\section10\followers\followers.component.spec.js
D:\Workspace\ng-course-ws\dist\out-tsc\src\app\section10\followers\followers.component.spec.js.map
D:\Workspace\ng-course-ws\dist\out-tsc\src\app\section10\github-profile\github-profile.component.spec.js
D:\Workspace\ng-course-ws\dist\out-tsc\src\app\section10\github-profile\github-profile.component.spec.js.map
D:\Workspace\ng-course-ws\dist\out-tsc\src\app\section10\navbar\navbar.component.spec.js
D:\Workspace\ng-course-ws\dist\out-tsc\src\app\section10\navbar\navbar.component.spec.js.map
D:\Workspace\ng-course-ws\dist\out-tsc\src\app\section10\posts\posts.component.spec.js
D:\Workspace\ng-course-ws\dist\out-tsc\src\app\section10\posts\posts.component.spec.js.map
D:\Workspace\ng-course-ws\dist\out-tsc\src\app\section11\admin\admin.component.js
D:\Workspace\ng-course-ws\dist\out-tsc\src\app\section11\admin\admin.component.js.map
D:\Workspace\ng-course-ws\dist\out-tsc\src\app\section11\admin\admin.component.spec.js
D:\Workspace\ng-course-ws\dist\out-tsc\src\app\section11\admin\admin.component.spec.js.map
D:\Workspace\ng-course-ws\dist\out-tsc\src\app\section11\auth-demo\auth-demo.component.js
D:\Workspace\ng-course-ws\dist\out-tsc\src\app\section11\auth-demo\auth-demo.component.js.map
D:\Workspace\ng-course-ws\dist\out-tsc\src\app\section11\home\demo-auth-home.component.spec.js
D:\Workspace\ng-course-ws\dist\out-tsc\src\app\section11\home\demo-auth-home.component.spec.js.map
D:\Workspace\ng-course-ws\dist\out-tsc\src\app\section11\home\demo-auth-home.component.js
D:\Workspace\ng-course-ws\dist\out-tsc\src\app\section11\home\demo-auth-home.component.js.map
D:\Workspace\ng-course-ws\dist\out-tsc\src\app\section11\login\login.component.js
D:\Workspace\ng-course-ws\dist\out-tsc\src\app\section11\login\login.component.js.map
D:\Workspace\ng-course-ws\dist\out-tsc\src\app\section11\login\login.component.spec.js
D:\Workspace\ng-course-ws\dist\out-tsc\src\app\section11\login\login.component.spec.js.map
D:\Workspace\ng-course-ws\dist\out-tsc\src\app\section11\no-access\no-access.component.js
D:\Workspace\ng-course-ws\dist\out-tsc\src\app\section11\no-access\no-access.component.js.map
D:\Workspace\ng-course-ws\dist\out-tsc\src\app\section11\no-access\no-access.component.spec.js
D:\Workspace\ng-course-ws\dist\out-tsc\src\app\section11\no-access\no-access.component.spec.js.map
D:\Workspace\ng-course-ws\dist\out-tsc\src\app\section11\signup\signup.component.js
D:\Workspace\ng-course-ws\dist\out-tsc\src\app\section11\signup\signup.component.js.map
D:\Workspace\ng-course-ws\dist\out-tsc\src\app\section11\signup\signup.component.spec.js
D:\Workspace\ng-course-ws\dist\out-tsc\src\app\section11\signup\signup.component.spec.js.map
D:\Workspace\ng-course-ws\dist\out-tsc\src\app\section4\authors\authors.component.spec.js
D:\Workspace\ng-course-ws\dist\out-tsc\src\app\section4\authors\authors.component.spec.js.map
D:\Workspace\ng-course-ws\dist\out-tsc\src\app\section4\favorite\favorite.component.spec.js
D:\Workspace\ng-course-ws\dist\out-tsc\src\app\section4\favorite\favorite.component.spec.js.map
D:\Workspace\ng-course-ws\dist\out-tsc\src\app\section4\synopsis\synopsis.component.spec.js
D:\Workspace\ng-course-ws\dist\out-tsc\src\app\section4\synopsis\synopsis.component.spec.js.map
D:\Workspace\ng-course-ws\dist\out-tsc\src\app\section4\titlecase\titlecase.component.spec.js
D:\Workspace\ng-course-ws\dist\out-tsc\src\app\section4\titlecase\titlecase.component.spec.js.map
D:\Workspace\ng-course-ws\dist\out-tsc\src\app\section5\like\like.component.spec.js
D:\Workspace\ng-course-ws\dist\out-tsc\src\app\section5\like\like.component.spec.js.map
D:\Workspace\ng-course-ws\dist\out-tsc\src\app\section5\panel\panel.component.spec.js
D:\Workspace\ng-course-ws\dist\out-tsc\src\app\section5\panel\panel.component.spec.js.map
D:\Workspace\ng-course-ws\dist\out-tsc\src\app\section5\panel2\panel2.component.spec.js
D:\Workspace\ng-course-ws\dist\out-tsc\src\app\section5\panel2\panel2.component.spec.js.map
D:\Workspace\ng-course-ws\dist\out-tsc\src\app\section6\trees\trees.component.spec.js
D:\Workspace\ng-course-ws\dist\out-tsc\src\app\section6\trees\trees.component.spec.js.map
D:\Workspace\ng-course-ws\dist\out-tsc\src\app\section6\updatable-trees\updatable-trees.component.spec.js
D:\Workspace\ng-course-ws\dist\out-tsc\src\app\section6\updatable-trees\updatable-trees.component.spec.js.map
D:\Workspace\ng-course-ws\dist\out-tsc\src\app\section6\zippy\zippy.component.spec.js
D:\Workspace\ng-course-ws\dist\out-tsc\src\app\section6\zippy\zippy.component.spec.js.map
D:\Workspace\ng-course-ws\dist\out-tsc\src\app\section8\change-passwd-form\change-passwd-form.component.spec.js
D:\Workspace\ng-course-ws\dist\out-tsc\src\app\section8\change-passwd-form\change-passwd-form.component.spec.js.map
D:\Workspace\ng-course-ws\dist\out-tsc\src\app\section8\login-form\login-form.component.spec.js
D:\Workspace\ng-course-ws\dist\out-tsc\src\app\section8\login-form\login-form.component.spec.js.map
D:\Workspace\ng-course-ws\dist\out-tsc\src\app\section8\login-form\login.validators.js
D:\Workspace\ng-course-ws\dist\out-tsc\src\app\section8\login-form\login.validators.js.map
D:\Workspace\ng-course-ws\dist\out-tsc\src\app\section8\new-course-form\new-course-form.component.spec.js
D:\Workspace\ng-course-ws\dist\out-tsc\src\app\section8\new-course-form\new-course-form.component.spec.js.map
D:\Workspace\ng-course-ws\dist\out-tsc\src\app\section8\signup-form\signup-form.component.spec.js
D:\Workspace\ng-course-ws\dist\out-tsc\src\app\section8\signup-form\signup-form.component.spec.js.map
